17:35:03: Creating resource group General
17:35:03: Creating resource group Internal
17:35:03: Creating resource group Autodetect
17:35:03: SceneManagerFactory for type 'DefaultSceneManager' registered.
17:35:03: Registering ResourceManager for type Material
17:35:03: Registering ResourceManager for type Mesh
17:35:03: Registering ResourceManager for type Skeleton
17:35:03: MovableObjectFactory for type 'ParticleSystem' registered.
17:35:03: ArchiveFactory for archive type FileSystem registered.
17:35:03: ArchiveFactory for archive type Zip registered.
17:35:03: ArchiveFactory for archive type EmbeddedZip registered.
17:35:03: DDS codec registering
17:35:03: FreeImage version: 3.15.4
17:35:03: This program uses FreeImage, a free, open source image library supporting all common bitmap formats. See http://freeimage.sourceforge.net for details
17:35:03: Supported formats: bmp,ico,jpg,jif,jpeg,jpe,jng,koa,iff,lbm,mng,pbm,pbm,pcd,pcx,pgm,pgm,png,ppm,ppm,ras,tga,targa,tif,tiff,wap,wbmp,wbm,psd,cut,xbm,xpm,gif,hdr,g3,sgi,exr,j2k,j2c,jp2,pfm,pct,pict,pic,3fr,arw,bay,bmq,cap,cine,cr2,crw,cs1,dc2,dcr,drf,dsc,dng,erf,fff,ia,iiq,k25,kc2,kdc,mdc,mef,mos,mrw,nef,nrw,orf,pef,ptx,pxn,qtk,raf,raw,rdc,rw2,rwl,rwz,sr2,srf,srw,sti
17:35:03: Registering ResourceManager for type HighLevelGpuProgram
17:35:03: Registering ResourceManager for type Compositor
17:35:03: MovableObjectFactory for type 'Entity' registered.
17:35:03: MovableObjectFactory for type 'Light' registered.
17:35:03: MovableObjectFactory for type 'BillboardSet' registered.
17:35:03: MovableObjectFactory for type 'ManualObject' registered.
17:35:03: MovableObjectFactory for type 'BillboardChain' registered.
17:35:03: MovableObjectFactory for type 'RibbonTrail' registered.
17:35:03: Loading library ./plugins/RenderSystem_GL
17:35:03: Installing plugin: GL RenderSystem
17:35:03: OpenGL Rendering Subsystem created.
17:35:03: Plugin successfully installed
17:35:03: Loading library ./plugins/Plugin_ParticleFX
17:35:03: Installing plugin: ParticleFX
17:35:03: Particle Emitter Type 'Point' registered
17:35:03: Particle Emitter Type 'Box' registered
17:35:03: Particle Emitter Type 'Ellipsoid' registered
17:35:03: Particle Emitter Type 'Cylinder' registered
17:35:03: Particle Emitter Type 'Ring' registered
17:35:03: Particle Emitter Type 'HollowEllipsoid' registered
17:35:03: Particle Affector Type 'LinearForce' registered
17:35:03: Particle Affector Type 'ColourFader' registered
17:35:03: Particle Affector Type 'ColourFader2' registered
17:35:03: Particle Affector Type 'ColourImage' registered
17:35:03: Particle Affector Type 'ColourInterpolator' registered
17:35:03: Particle Affector Type 'Scaler' registered
17:35:03: Particle Affector Type 'Rotator' registered
17:35:03: Particle Affector Type 'DirectionRandomiser' registered
17:35:03: Particle Affector Type 'DeflectorPlane' registered
17:35:03: Plugin successfully installed
17:35:03: Loading library ./plugins/Plugin_BSPSceneManager
17:35:03: Installing plugin: BSP Scene Manager
17:35:03: Plugin successfully installed
17:35:03: Loading library ./plugins/Plugin_PCZSceneManager
17:35:03: Installing plugin: Portal Connected Zone Scene Manager
17:35:03: PCZone Factory Type 'ZoneType_Default' registered
17:35:03: Plugin successfully installed
17:35:03: Loading library ./plugins/Plugin_OctreeZone
17:35:03: Installing plugin: Octree Zone Factory
17:35:03: Plugin successfully installed
17:35:03: Loading library ./plugins/Plugin_OctreeSceneManager
17:35:03: Installing plugin: Octree Scene Manager
17:35:03: Plugin successfully installed
17:35:03: *-*-* OGRE Initialising
17:35:03: *-*-* Version 1.9.0 (Ghadamon)
17:35:03: Creating resource group Essential
17:35:03: Added resource location './Media/thumbnails' of type 'FileSystem' to resource group 'Essential'
17:35:03: Added resource location './Media/packs/SdkTrays.zip' of type 'Zip' to resource group 'Essential'
17:35:03: Added resource location '/home/boivent/ogre/ogre/Samples/Media' of type 'FileSystem' to resource group 'General'
17:35:03: Creating resource group Popular
17:35:03: Added resource location './Media/fonts' of type 'FileSystem' to resource group 'Popular'
17:35:03: Added resource location './Media/materials/programs' of type 'FileSystem' to resource group 'Popular'
17:35:03: Added resource location './Media/materials/scripts' of type 'FileSystem' to resource group 'Popular'
17:35:03: Added resource location './Media/materials/textures' of type 'FileSystem' to resource group 'Popular'
17:35:03: Added resource location './Media/materials/textures/nvidia' of type 'FileSystem' to resource group 'Popular'
17:35:03: Added resource location './Media/models' of type 'FileSystem' to resource group 'Popular'
17:35:03: Added resource location './Media/particle' of type 'FileSystem' to resource group 'Popular'
17:35:03: Added resource location './Media/materials/programs/GLSL' of type 'FileSystem' to resource group 'Popular'
17:35:03: Added resource location './Media/DeferredShadingMedia' of type 'FileSystem' to resource group 'Popular'
17:35:03: Added resource location './Media/PCZAppMedia' of type 'FileSystem' to resource group 'Popular'
17:35:03: Added resource location './Media/RTShaderLib' of type 'FileSystem' to resource group 'Popular'
17:35:03: Added resource location './Media/RTShaderLib/materials' of type 'FileSystem' to resource group 'Popular'
17:35:03: Added resource location './Media/materials/scripts/SSAO' of type 'FileSystem' to resource group 'Popular'
17:35:03: Added resource location './Media/materials/textures/SSAO' of type 'FileSystem' to resource group 'Popular'
17:35:03: Added resource location './Media/packs/cubemap.zip' of type 'Zip' to resource group 'Popular'
17:35:03: Added resource location './Media/packs/cubemapsJS.zip' of type 'Zip' to resource group 'Popular'
17:35:03: Added resource location './Media/packs/dragon.zip' of type 'Zip' to resource group 'Popular'
17:35:03: Added resource location './Media/packs/fresneldemo.zip' of type 'Zip' to resource group 'Popular'
17:35:03: Added resource location './Media/packs/ogretestmap.zip' of type 'Zip' to resource group 'Popular'
17:35:03: Added resource location './Media/packs/ogredance.zip' of type 'Zip' to resource group 'Popular'
17:35:03: Added resource location './Media/packs/Sinbad.zip' of type 'Zip' to resource group 'Popular'
17:35:03: Added resource location './Media/packs/skybox.zip' of type 'Zip' to resource group 'Popular'
17:35:05: CPU Identifier & Features
17:35:05: -------------------------
17:35:05:  *   CPU ID: GenuineIntel: Intel(R) Core(TM) i7-4600U CPU @ 2.10GHz
17:35:05:  *      SSE: yes
17:35:05:  *     SSE2: yes
17:35:05:  *     SSE3: yes
17:35:05:  *      MMX: yes
17:35:05:  *   MMXEXT: yes
17:35:05:  *    3DNOW: no
17:35:05:  * 3DNOWEXT: no
17:35:05:  *     CMOV: yes
17:35:05:  *      TSC: yes
17:35:05:  *      FPU: yes
17:35:05:  *      PRO: yes
17:35:05:  *       HT: no
17:35:05: -------------------------
17:35:05: ******************************
*** Starting GLX Subsystem ***
******************************
